\BOOKMARK [0][-]{chapter.1}{\376\377\145\160\143\156\176\323\147\204}{}% 1
\BOOKMARK [1][-]{section.1.1}{\376\377\000R\000M\000Q}{chapter.1}% 2
\BOOKMARK [1][-]{section.1.2}{\376\377\123\125\214\003\150\010}{chapter.1}% 3
\BOOKMARK [1][-]{section.1.3}{\376\377\150\021\162\266\145\160\176\304}{chapter.1}% 4
\BOOKMARK [2][-]{subsection.1.3.1}{\376\377\123\072\225\364\117\356\145\071\377\014\123\072\225\364\154\102\124\214}{section.1.3}% 5
\BOOKMARK [2][-]{subsection.1.3.2}{\376\377\116\011\176\364\122\115\177\000\124\214}{section.1.3}% 6
\BOOKMARK [2][-]{subsection.1.3.3}{\376\377\116\214\176\364\150\021\162\266\145\160\176\304\377\010\167\351\226\065\154\102\124\214\116\016\117\356\145\071\377\011}{section.1.3}% 7
\BOOKMARK [2][-]{subsection.1.3.4}{\376\377\116\011\176\364\150\021\162\266\145\160\176\304}{section.1.3}% 8
\BOOKMARK [1][-]{section.1.4}{\376\377\176\277\153\265\150\021}{chapter.1}% 9
\BOOKMARK [2][-]{subsection.1.4.1}{\376\377\150\007\213\260\117\030\121\110\176\247}{section.1.4}% 10
\BOOKMARK [2][-]{subsection.1.4.2}{\376\377\123\206\123\362\162\110\147\054\124\214}{section.1.4}% 11
\BOOKMARK [2][-]{subsection.1.4.3}{\376\377\116\015\226\115\133\120\136\217\122\027}{section.1.4}% 12
\BOOKMARK [2][-]{subsection.1.4.4}{\376\377\176\364\142\244\167\351\226\065}{section.1.4}% 13
\BOOKMARK [2][-]{subsection.1.4.5}{\376\377\123\072\225\364\000\040\000G\000C\000D}{section.1.4}% 14
\BOOKMARK [2][-]{subsection.1.4.6}{\376\377\123\072\225\364\000N\000A\000N\000D}{section.1.4}% 15
\BOOKMARK [2][-]{subsection.1.4.7}{\376\377\116\073\136\055\150\021}{section.1.4}% 16
\BOOKMARK [2][-]{subsection.1.4.8}{\376\377\122\250\140\001\137\000\160\271\147\103\120\074\176\277\153\265\150\021}{section.1.4}% 17
\BOOKMARK [2][-]{subsection.1.4.9}{\376\377\176\277\153\265\150\021\124\010\136\166}{section.1.4}% 18
\BOOKMARK [2][-]{subsection.1.4.10}{\376\377\000S\000e\000g\000m\000e\000n\000t\000\040\000T\000r\000e\000e\000\040\000B\000e\000a\000t\000s\000!}{section.1.4}% 19
\BOOKMARK [1][-]{section.1.5}{\376\377\150\021\131\127\150\021}{chapter.1}% 20
\BOOKMARK [2][-]{subsection.1.5.1}{\376\377\150\021\162\266\145\160\176\304\131\127\147\103\120\074\176\277\153\265\150\021}{section.1.5}% 21
\BOOKMARK [2][-]{subsection.1.5.2}{\376\377\116\013\150\007\176\277\153\265\150\021\131\127\377\010\120\074\127\337\377\011\136\163\210\141\150\021}{section.1.5}% 22
\BOOKMARK [2][-]{subsection.1.5.3}{\376\377\120\074\127\337\176\277\153\265\150\021\131\127\377\010\116\013\150\007\377\011\136\163\210\141\150\021}{section.1.5}% 23
\BOOKMARK [1][-]{section.1.6}{\376\377\136\163\210\141\150\021}{chapter.1}% 24
\BOOKMARK [2][-]{subsection.1.6.1}{\376\377\000S\000p\000l\000a\000y\000\040\060\020\152\041\147\177\060\021\146\156\220\032\136\163\210\141\150\021\377\010\176\364\142\244\120\074\127\337\377\011}{section.1.6}% 25
\BOOKMARK [2][-]{subsection.1.6.2}{\376\377\000S\000p\000l\000a\000y\000\040\060\020\152\041\147\177\060\021\145\207\202\172\136\163\210\141\150\021\377\010\176\364\142\244\136\217\122\027\377\011}{section.1.6}% 26
\BOOKMARK [2][-]{subsection.1.6.3}{\376\377\145\340\145\313\000\040\000T\000r\000e\000a\000p\060\020\152\041\147\177\060\021\146\156\220\032\136\163\210\141\150\021\377\010\176\364\142\244\120\074\127\337\377\011}{section.1.6}% 27
\BOOKMARK [2][-]{subsection.1.6.4}{\376\377\145\340\145\313\000\040\000T\000r\000e\000a\000p\060\020\152\041\147\177\060\021\145\207\202\172\136\163\210\141\150\021\377\010\176\364\142\244\136\217\122\027\377\011}{section.1.6}% 28
\BOOKMARK [1][-]{section.1.7}{\376\377\000L\000i\000n\000k\000\040\000C\000u\000t\000\040\000T\000r\000e\000e}{chapter.1}% 29
\BOOKMARK [2][-]{subsection.1.7.1}{\376\377\152\041\147\177}{section.1.7}% 30
\BOOKMARK [2][-]{subsection.1.7.2}{\376\377\000L\000C\000T\000\040\122\250\140\001\176\364\142\244\166\364\137\204}{section.1.7}% 31
\BOOKMARK [2][-]{subsection.1.7.3}{\376\377\000L\000C\000T\000\040\176\364\142\244\133\120\150\021\131\047\134\017}{section.1.7}% 32
\BOOKMARK [1][-]{section.1.8}{\376\377\123\357\126\336\156\332\136\166\147\345\226\306}{chapter.1}% 33
\BOOKMARK [1][-]{section.1.9}{\376\377\150\021\224\376\122\126\122\006}{chapter.1}% 34
\BOOKMARK [2][-]{subsection.1.9.1}{\376\377\150\021\224\376\122\126\122\006\176\364\142\244\000L\000C\000A}{section.1.9}% 35
\BOOKMARK [2][-]{subsection.1.9.2}{\376\377\000d\000f\000s\136\217\000+\120\015\130\236\000O\000\050\0001\000\051\176\364\142\244\000L\000C\000A}{section.1.9}% 36
\BOOKMARK [2][-]{subsection.1.9.3}{\376\377\225\177\224\376\122\126\122\006}{section.1.9}% 37
\BOOKMARK [1][-]{section.1.10}{\376\377\123\357\143\001\116\105\123\026\136\166\147\345\226\306}{chapter.1}% 38
\BOOKMARK [1][-]{section.1.11}{\376\377\160\271\122\006\154\273}{chapter.1}% 39
\BOOKMARK [1][-]{section.1.12}{\376\377\150\021\116\012\124\057\123\321\137\017\124\010\136\166\000\050\000D\000S\000U\000\040\000o\000n\000\040\000T\000r\000e\000e\000\051}{chapter.1}% 40
\BOOKMARK [1][-]{section.1.13}{\376\377\145\076\137\003\163\302\147\065\203\211\150\021}{chapter.1}% 41
\BOOKMARK [1][-]{section.1.14}{\376\377\000p\000b\000-\000d\000s\000\040\136\163\210\141\150\021}{chapter.1}% 42
\BOOKMARK [0][-]{chapter.2}{\376\377\126\376\213\272}{}% 43
\BOOKMARK [1][-]{section.2.1}{\376\377\147\000\167\355\215\357}{chapter.2}% 44
\BOOKMARK [2][-]{subsection.2.1.1}{\376\377\000D\000i\000j\000k\000s\000t\000r\000a}{section.2.1}% 45
\BOOKMARK [2][-]{subsection.2.1.2}{\376\377\000S\000P\000F\000A\000\040\173\227\154\325\377\010\215\037\163\257\377\011}{section.2.1}% 46
\BOOKMARK [2][-]{subsection.2.1.3}{\376\377\124\014\117\131\147\000\167\355\215\357}{section.2.1}% 47
\BOOKMARK [1][-]{section.2.2}{\376\377\147\000\134\017\165\037\142\020\150\021}{chapter.2}% 48
\BOOKMARK [2][-]{subsection.2.2.1}{\376\377\000K\000r\000u\000s\000k\000a\000l\000\040\173\227\154\325}{section.2.2}% 49
\BOOKMARK [2][-]{subsection.2.2.2}{\376\377\130\006\117\030\123\026\166\204\000\040\000P\000r\000i\000m\000\040\173\227\154\325}{section.2.2}% 50
\BOOKMARK [2][-]{subsection.2.2.3}{\376\377\147\000\134\017\164\366\230\210\215\357}{section.2.2}% 51
\BOOKMARK [2][-]{subsection.2.2.4}{\376\377\147\000\134\017\166\364\137\204\165\037\142\020\150\021}{section.2.2}% 52
\BOOKMARK [2][-]{subsection.2.2.5}{\376\377\000K\000r\000u\000s\000k\000a\000l\000\040\221\315\147\204\150\021}{section.2.2}% 53
\BOOKMARK [1][-]{section.2.3}{\376\377\000T\000a\000r\000j\000a\000n}{chapter.2}% 54
\BOOKMARK [2][-]{subsection.2.3.1}{\376\377\122\162\160\271}{section.2.3}% 55
\BOOKMARK [2][-]{subsection.2.3.2}{\376\377\150\145}{section.2.3}% 56
\BOOKMARK [2][-]{subsection.2.3.3}{\376\377\147\011\124\021\126\376\137\072\217\336\220\032\122\006\221\317\000\040\000\046\000\040\177\051\160\271}{section.2.3}% 57
\BOOKMARK [2][-]{subsection.2.3.4}{\376\377\154\102\145\340\124\021\126\376\160\271\123\314\217\336\220\032\122\006\221\317\000\040\000\046\000\040\177\051\160\271\060\020\127\006\145\271\150\021\060\021}{section.2.3}% 58
\BOOKMARK [2][-]{subsection.2.3.5}{\376\377\154\102\145\340\124\021\126\376\217\271\123\314\217\336\220\032\122\006\221\317\000\040\000\046\000\040\177\051\160\271}{section.2.3}% 59
\BOOKMARK [1][-]{section.2.4}{\376\377\147\000\217\321\121\154\121\161\171\126\121\110}{chapter.2}% 60
\BOOKMARK [2][-]{subsection.2.4.1}{\376\377\120\015\130\236\154\325\154\102\000\040\000L\000C\000A}{section.2.4}% 61
\BOOKMARK [2][-]{subsection.2.4.2}{\376\377\000O\000\050\0001\000\051\213\342\225\356\000L\000C\000A}{section.2.4}% 62
\BOOKMARK [2][-]{subsection.2.4.3}{\376\377\060\020\152\041\147\177\060\021\150\021\116\012\000\040\000k\000\040\176\247\171\126\121\110}{section.2.4}% 63
\BOOKMARK [1][-]{section.2.5}{\376\377\0002\000-\000S\000A\000T\000\040\225\356\230\230}{chapter.2}% 64
\BOOKMARK [1][-]{section.2.6}{\376\377\135\356\122\006\176\246\147\137}{chapter.2}% 65
\BOOKMARK [1][-]{section.2.7}{\376\377\206\132\150\021}{chapter.2}% 66
\BOOKMARK [0][-]{chapter.3}{\376\377\177\121\176\334\155\101\000/\116\214\122\006\126\376\000/\123\071\221\115}{}% 67
\BOOKMARK [1][-]{section.3.1}{\376\377\116\214\122\006\126\376}{chapter.3}% 68
\BOOKMARK [2][-]{subsection.3.1.1}{\376\377\123\010\162\131\122\051\173\227\154\325}{section.3.1}% 69
\BOOKMARK [2][-]{subsection.3.1.2}{\376\377\000K\000M\173\227\154\325}{section.3.1}% 70
\BOOKMARK [2][-]{subsection.3.1.3}{\376\377\147\323\202\162\122\044\116\214\122\006\126\376}{section.3.1}% 71
\BOOKMARK [1][-]{section.3.2}{\376\377\147\000\131\047\155\101}{chapter.3}% 72
\BOOKMARK [2][-]{subsection.3.2.1}{\376\377\000D\000i\000n\000i\000c\000\040\173\227\154\325\000\040\000\050\136\046\137\123\122\115\137\047\117\030\123\026\000\051}{section.3.2}% 73
\BOOKMARK [2][-]{subsection.3.2.2}{\376\377\145\340\156\220\154\107\116\012\116\013\165\114\123\357\210\114\155\101}{section.3.2}% 74
\BOOKMARK [2][-]{subsection.3.2.3}{\376\377\147\011\156\220\154\107\116\012\116\013\165\114\147\000\131\047\155\101}{section.3.2}% 75
\BOOKMARK [2][-]{subsection.3.2.4}{\376\377\147\011\156\220\154\107\116\012\116\013\165\114\147\000\134\017\155\101}{section.3.2}% 76
\BOOKMARK [1][-]{section.3.3}{\376\377\147\000\134\017\215\071\165\050\147\000\131\047\155\101}{chapter.3}% 77
\BOOKMARK [2][-]{subsection.3.3.1}{\376\377\000P\000r\000i\000m\000a\000l\000-\000D\000u\000a\000l\000\040\123\237\131\313\133\371\120\166\173\227\154\325}{section.3.3}% 78
\BOOKMARK [2][-]{subsection.3.3.2}{\376\377\000E\000K\173\227\154\325\154\102\147\000\131\047\155\101}{section.3.3}% 79
\BOOKMARK [0][-]{chapter.4}{\376\377\133\127\173\046\116\062\124\214\126\336\145\207\173\227\154\325}{}% 80
\BOOKMARK [1][-]{section.4.1}{\376\377\133\127\121\170\150\021}{chapter.4}% 81
\BOOKMARK [2][-]{subsection.4.1.1}{\376\377\146\156\220\032\000T\000r\000i\000e}{section.4.1}% 82
\BOOKMARK [2][-]{subsection.4.1.2}{\376\377\123\213\117\115\000T\000r\000i\000e}{section.4.1}% 83
\BOOKMARK [1][-]{section.4.2}{\376\377\000H\000a\000s\000h}{chapter.4}% 84
\BOOKMARK [2][-]{subsection.4.2.1}{\376\377\133\127\173\046\116\062\124\310\136\014}{section.4.2}% 85
\BOOKMARK [2][-]{subsection.4.2.2}{\376\377\142\113\121\231\000H\000a\000s\000h\000\040\000+\000\040\226\306\124\010\000\040\000S\000e\000t\377\010\000S\000e\000t\201\352\136\046\000H\000a\000s\000h\000\051}{section.4.2}% 86
\BOOKMARK [2][-]{subsection.4.2.3}{\376\377\150\021\000H\000a\000s\000h}{section.4.2}% 87
\BOOKMARK [1][-]{section.4.3}{\376\377\000K\000M\000P\000\040\173\227\154\325}{chapter.4}% 88
\BOOKMARK [2][-]{subsection.4.3.1}{\376\377\000B\000o\000r\000d\000e\000r\173\111\135\356\145\160\122\027}{section.4.3}% 89
\BOOKMARK [2][-]{subsection.4.3.2}{\376\377\147\000\134\017\221\315\131\015\133\127\173\046\167\351\226\065}{section.4.3}% 90
\BOOKMARK [1][-]{section.4.4}{\376\377\000B\000i\000t\000s\000e\000t\116\161\144\036\133\127\173\046\123\071\221\115}{chapter.4}% 91
\BOOKMARK [1][-]{section.4.5}{\376\377\000M\000a\000n\000a\000c\000h\000e\000r\000\040\173\227\154\325}{chapter.4}% 92
\BOOKMARK [1][-]{section.4.6}{\376\377\000A\000C\000\040\201\352\122\250\147\072}{chapter.4}% 93
\BOOKMARK [1][-]{section.4.7}{\376\377\124\016\177\000\145\160\176\304}{chapter.4}% 94
\BOOKMARK [2][-]{subsection.4.7.1}{\376\377\152\041\147\177}{section.4.7}% 95
\BOOKMARK [2][-]{subsection.4.7.2}{\376\377\000S\000A\000\040\136\224\165\050}{section.4.7}% 96
\BOOKMARK [1][-]{section.4.8}{\376\377\124\016\177\000\201\352\122\250\147\072}{chapter.4}% 97
\BOOKMARK [2][-]{subsection.4.8.1}{\376\377\136\224\165\050}{section.4.8}% 98
\BOOKMARK [2][-]{subsection.4.8.2}{\376\377\000L\000C\000T\176\364\142\244\000P\000a\000r\000e\000n\000t\150\021}{section.4.8}% 99
\BOOKMARK [1][-]{section.4.9}{\376\377\133\127\173\046\116\062\137\252\163\257\124\014\147\204\166\204\147\000\134\017\210\150\171\072\154\325}{chapter.4}% 100
\BOOKMARK [1][-]{section.4.10}{\376\377\000L\000y\000n\000d\000o\000n\000\040\122\006\211\343}{chapter.4}% 101
\BOOKMARK [0][-]{chapter.5}{\376\377\145\160\133\146\116\023\230\230}{}% 102
\BOOKMARK [1][-]{section.5.1}{\376\377\000G\000C\000D\116\016\000e\000x\000G\000C\000D}{chapter.5}% 103
\BOOKMARK [1][-]{section.5.2}{\376\377\116\000\226\066\124\014\117\131\145\271\172\013}{chapter.5}% 104
\BOOKMARK [1][-]{section.5.3}{\376\377\176\277\140\047\220\006\121\103}{chapter.5}% 105
\BOOKMARK [1][-]{section.5.4}{\376\377\176\277\140\047\173\133\175\040\145\160\000\040\000/\000\040\171\357\140\047\121\375\145\160}{chapter.5}% 106
\BOOKMARK [1][-]{section.5.5}{\376\377\147\134\145\131\173\133\040\024\040\024\000p\000h\000i\116\016\000m\000o\000b\122\115\177\000\124\214}{chapter.5}% 107
\BOOKMARK [1][-]{section.5.6}{\376\377\000O\000\050\000n\000\051\230\204\131\004\164\006\116\016\000O\000\050\000l\000o\000g\000\050\000n\000\051\000\051\122\006\211\343\215\050\126\340\145\160}{chapter.5}% 108
\BOOKMARK [1][-]{section.5.7}{\376\377\142\151\134\125\153\047\142\311\133\232\164\006}{chapter.5}% 109
\BOOKMARK [1][-]{section.5.8}{\376\377\116\055\126\375\122\151\117\131\133\232\164\006\000\050\000C\000h\000i\000n\000e\000s\000e\000\040\000R\000e\000m\000a\000i\000n\000d\000e\000r\000\040\000T\000h\000e\000o\000r\000e\000m\000\051}{chapter.5}% 110
\BOOKMARK [1][-]{section.5.9}{\376\377\000M\000i\000l\000l\000e\000r\000-\000R\000a\000b\000i\000n\000\040\175\040\140\047\155\113\213\325\116\016\000P\000o\000l\000l\000a\000r\000d\000-\000r\000h\000o\215\050\126\340\145\160\122\006\211\343}{chapter.5}% 111
\BOOKMARK [1][-]{section.5.10}{\376\377\000L\000u\000c\000a\000s\000\040\133\232\164\006\116\016\000\040\000e\000x\000L\000u\000c\000a\000s}{chapter.5}% 112
\BOOKMARK [1][-]{section.5.11}{\376\377\116\214\153\041\122\151\117\131\000\040\000-\000\040\000C\000i\000p\000o\000l\000l\000a}{chapter.5}% 113
\BOOKMARK [1][-]{section.5.12}{\376\377\000N\153\041\122\151\117\131}{chapter.5}% 114
\BOOKMARK [1][-]{section.5.13}{\376\377\171\273\145\143\133\371\145\160\124\014\117\131\145\271\172\013}{chapter.5}% 115
\BOOKMARK [2][-]{subsection.5.13.1}{\376\377\000B\000S\000G\000S\000\050\000B\000a\000b\000y\000\040\000S\000t\000e\000p\000\040\000G\000i\000a\000n\000t\000\040\000S\000t\000e\000p\000\051}{section.5.13}% 116
\BOOKMARK [2][-]{subsection.5.13.2}{\376\377\000E\000X\000B\000S\000G\000S}{section.5.13}% 117
\BOOKMARK [1][-]{section.5.14}{\376\377\176\304\124\010\145\160}{chapter.5}% 118
\BOOKMARK [2][-]{subsection.5.14.1}{\376\377\136\070\211\301\121\154\137\017\124\214\176\317\121\170\225\356\230\230}{section.5.14}% 119
\BOOKMARK [2][-]{subsection.5.14.2}{\376\377\213\342\225\356\143\222\122\027\145\160\060\001\176\304\124\010\145\160}{section.5.14}% 120
\BOOKMARK [1][-]{section.5.15}{\376\377\167\351\226\065}{chapter.5}% 121
\BOOKMARK [2][-]{subsection.5.15.1}{\376\377\232\330\145\257\155\210\121\103}{section.5.15}% 122
\BOOKMARK [2][-]{subsection.5.15.2}{\376\377\210\114\122\027\137\017\000\040\000O\000\050\000n\0003\000\051}{section.5.15}% 123
\BOOKMARK [2][-]{subsection.5.15.3}{\376\377\116\373\141\017\152\041\145\160\210\114\122\027\137\017\000\040\000O\000\050\000n\0002\000l\000o\000g\000n\000\040\000+\000\040\000n\0003\000\051\000\040}{section.5.15}% 124
\BOOKMARK [2][-]{subsection.5.15.4}{\376\377\142\221\142\026\145\271\172\013\176\304}{section.5.15}% 125
\BOOKMARK [2][-]{subsection.5.15.5}{\376\377\176\277\140\047\127\372}{section.5.15}% 126
\BOOKMARK [2][-]{subsection.5.15.6}{\376\377\167\351\226\065\154\102\220\006}{section.5.15}% 127
\BOOKMARK [2][-]{subsection.5.15.7}{\376\377\162\171\137\201\131\032\230\171\137\017}{section.5.15}% 128
\BOOKMARK [1][-]{section.5.16}{\376\377\122\006\154\273\000N\000T\000T\377\010\173\200\167\355\377\011}{chapter.5}% 129
\BOOKMARK [1][-]{section.5.17}{\376\377\131\032\230\171\137\017\150\166\000\040\000-\000\040\000z\000y\000n\0001\000.\0000}{chapter.5}% 130
\BOOKMARK [1][-]{section.5.18}{\376\377\136\267\142\130\134\125\137\000}{chapter.5}% 131
\BOOKMARK [1][-]{section.5.19}{\376\377\000L\000u\000c\000a\000s\133\232\164\006}{chapter.5}% 132
\BOOKMARK [2][-]{subsection.5.19.1}{\376\377\152\041\145\160\146\057\215\050\145\160}{section.5.19}% 133
\BOOKMARK [2][-]{subsection.5.19.2}{\376\377\142\151\134\125\000L\000u\000c\000a\000s\133\232\164\006}{section.5.19}% 134
\BOOKMARK [0][-]{chapter.6}{\376\377\217\333\226\066\145\160\213\272}{}% 135
\BOOKMARK [1][-]{section.6.1}{\376\377\000M\000e\000i\000s\000s\000e\000l\040\023\000L\000e\000h\000m\000e\000r\000\040\173\227\154\325}{chapter.6}% 136
\BOOKMARK [1][-]{section.6.2}{\376\377\000B\000e\000r\000l\000e\000k\000a\000m\000p\040\023\000M\000a\000s\000s\000e\000y\000\040\173\227\154\325}{chapter.6}% 137
\BOOKMARK [1][-]{section.6.3}{\376\377\173\054\116\000\174\173\000S\000t\000i\000r\000l\000i\000n\000g\145\160\040\024\040\024\210\114}{chapter.6}% 138
\BOOKMARK [1][-]{section.6.4}{\376\377\173\054\116\000\174\173\000S\000t\000i\000r\000l\000i\000n\000g\145\160\040\024\040\024\122\027}{chapter.6}% 139
\BOOKMARK [1][-]{section.6.5}{\376\377\173\054\116\214\174\173\000S\000t\000i\000r\000l\000i\000n\000g\145\160\040\024\040\024\210\114}{chapter.6}% 140
\BOOKMARK [1][-]{section.6.6}{\376\377\173\054\116\214\174\173\000S\000t\000i\000r\000l\000i\000n\000g\145\160\040\024\040\024\122\027}{chapter.6}% 141
\BOOKMARK [0][-]{chapter.7}{\376\377\122\250\140\001\211\304\122\022}{}% 142
\BOOKMARK [1][-]{section.7.1}{\376\377\200\314\123\005\225\356\230\230}{chapter.7}% 143
\BOOKMARK [2][-]{subsection.7.1.1}{\376\377\0000\000-\0001\000\040\200\314\123\005\377\010\153\317\171\315\162\151\124\301\123\352\147\011\116\000\116\052\377\011}{section.7.1}% 144
\BOOKMARK [2][-]{subsection.7.1.2}{\376\377\133\214\121\150\200\314\123\005\377\010\153\317\171\315\162\151\124\301\145\340\226\120\131\032\116\052\377\011}{section.7.1}% 145
\BOOKMARK [2][-]{subsection.7.1.3}{\376\377\131\032\221\315\200\314\123\005\377\010\153\317\171\315\162\151\124\301\147\011\147\011\226\120\131\032\116\052\377\011}{section.7.1}% 146
\BOOKMARK [2][-]{subsection.7.1.4}{\376\377\155\367\124\010\200\314\123\005\000\040\000\050\147\011\166\204\162\151\124\301\147\011\226\120\377\014\147\011\166\204\162\151\124\301\145\340\226\120\000\051}{section.7.1}% 147
\BOOKMARK [2][-]{subsection.7.1.5}{\376\377\116\214\176\364\215\071\165\050\200\314\123\005\225\356\230\230}{section.7.1}% 148
\BOOKMARK [2][-]{subsection.7.1.6}{\376\377\122\006\176\304\200\314\123\005}{section.7.1}% 149
\BOOKMARK [1][-]{section.7.2}{\376\377\147\000\225\177\121\154\121\161\133\120\136\217\122\027\000\040\000\050\000L\000C\000S\000\051}{chapter.7}% 150
\BOOKMARK [2][-]{subsection.7.2.1}{\376\377\173\200\123\125\162\110\147\054\000O\000\050\000n\0002\000\051}{section.7.2}% 151
\BOOKMARK [2][-]{subsection.7.2.2}{\376\377\117\115\217\320\173\227\154\102\000L\000C\000S}{section.7.2}% 152
\BOOKMARK [1][-]{section.7.3}{\376\377\147\000\225\177\116\012\123\107\133\120\136\217\122\027\377\010\000L\000I\000S\377\011}{chapter.7}% 153
\BOOKMARK [1][-]{section.7.4}{\376\377\150\021\137\142\000D\000P}{chapter.7}% 154
\BOOKMARK [2][-]{subsection.7.4.1}{\376\377\147\011\117\235\215\126\166\204\200\314\123\005\225\356\230\230}{section.7.4}% 155
\BOOKMARK [2][-]{subsection.7.4.2}{\376\377\143\142\150\071\000D\000P}{section.7.4}% 156
\BOOKMARK [1][-]{section.7.5}{\376\377\145\160\117\115\000\040\000D\000P}{chapter.7}% 157
\BOOKMARK [1][-]{section.7.6}{\376\377\145\234\163\207\117\030\123\026}{chapter.7}% 158
\BOOKMARK [0][-]{chapter.8}{\376\377\147\102\230\171}{}% 159
\BOOKMARK [1][-]{section.8.1}{\376\377\122\006\154\273}{chapter.8}% 160
\BOOKMARK [2][-]{subsection.8.1.1}{\376\377\116\011\122\006\154\325}{section.8.1}% 161
\BOOKMARK [2][-]{subsection.8.1.2}{\376\377\137\122\136\166\143\222\136\217}{section.8.1}% 162
\BOOKMARK [2][-]{subsection.8.1.3}{\376\377\136\163\227\142\147\000\217\321\160\271\133\371}{section.8.1}% 163
\BOOKMARK [2][-]{subsection.8.1.4}{\376\377\000C\000D\000Q\000\040\122\006\154\273\154\102\116\011\176\364\120\117\136\217}{section.8.1}% 164
\BOOKMARK [2][-]{subsection.8.1.5}{\376\377\126\333\176\364\120\117\136\217}{section.8.1}% 165
\BOOKMARK [2][-]{subsection.8.1.6}{\376\377\176\277\153\265\150\021\122\006\154\273}{section.8.1}% 166
\BOOKMARK [2][-]{subsection.8.1.7}{\376\377\163\053\150\021\122\006\154\273}{section.8.1}% 167
\BOOKMARK [1][-]{section.8.2}{\376\377\145\164\117\123\116\214\122\006}{chapter.8}% 168
\BOOKMARK [1][-]{section.8.3}{\376\377\203\253\226\037\173\227\154\325}{chapter.8}% 169
\BOOKMARK [2][-]{subsection.8.3.1}{\376\377\146\156\220\032\203\253\226\037}{section.8.3}% 170
\BOOKMARK [2][-]{subsection.8.3.2}{\376\377\150\021\116\012\203\253\226\037}{section.8.3}% 171
\BOOKMARK [2][-]{subsection.8.3.3}{\376\377\120\074\127\337\122\006\127\127}{section.8.3}% 172
\BOOKMARK [2][-]{subsection.8.3.4}{\376\377\145\366\225\364\217\164\122\006\127\127}{section.8.3}% 173
\BOOKMARK [1][-]{section.8.4}{\376\377\117\115\217\320\173\227\123\312\121\166\217\320\165\050}{chapter.8}% 174
\BOOKMARK [2][-]{subsection.8.4.1}{\376\377\136\070\211\301\173\111\137\017}{section.8.4}% 175
\BOOKMARK [2][-]{subsection.8.4.2}{\376\377\117\115\217\320\173\227\121\375\145\160}{section.8.4}% 176
\BOOKMARK [2][-]{subsection.8.4.3}{\376\377\133\120\226\306\147\232\116\076}{section.8.4}% 177
\BOOKMARK [1][-]{section.8.5}{\376\377\000C\000+\000+\131\047\145\164\145\160\152\041\147\177}{chapter.8}% 178
\BOOKMARK [1][-]{section.8.6}{\376\377\000F\000a\000s\000t\000I\000O}{chapter.8}% 179
\BOOKMARK [1][-]{section.8.7}{\376\377\000\137\000\137\000i\000n\000t\0001\0002\0008\000\040\217\223\121\372\121\375\145\160}{chapter.8}% 180
\BOOKMARK [1][-]{section.8.8}{\376\377\137\000\150\010}{chapter.8}% 181
\BOOKMARK [1][-]{section.8.9}{\376\377\226\217\147\072}{chapter.8}% 182
\BOOKMARK [1][-]{section.8.10}{\376\377\133\371\142\315}{chapter.8}% 183
\BOOKMARK [2][-]{subsection.8.10.1}{\376\377\165\037\142\020\226\217\147\072\145\160\143\156}{section.8.10}% 184
\BOOKMARK [2][-]{subsection.8.10.2}{\376\377\000W\000i\000n\000d\000o\000w\000s\116\013\166\204\142\171\131\004\164\006}{section.8.10}% 185
\BOOKMARK [2][-]{subsection.8.10.3}{\376\377\000L\000i\000n\000u\000x\116\013\166\204\000B\000a\000s\000h\201\032\147\054}{section.8.10}% 186
\BOOKMARK [1][-]{section.8.11}{\376\377\121\166\116\326}{chapter.8}% 187
